\BOOKMARK [0][-]{section*.1}{\376\377\000A\000b\000s\000t\000r\000a\000c\000t}{}% 1
\BOOKMARK [0][-]{section*.3}{\376\377\000A\000c\000k\000n\000o\000w\000l\000e\000d\000g\000m\000e\000n\000t\000s}{}% 2
\BOOKMARK [0][-]{section*.5}{\376\377\000P\000l\000a\000g\000i\000a\000r\000i\000s\000m\000\040\000D\000e\000c\000l\000a\000r\000a\000t\000i\000o\000n}{}% 3
\BOOKMARK [0][-]{figure.caption.7}{\376\377\000T\000a\000b\000l\000e\000\040\000o\000f\000\040\000C\000o\000n\000t\000e\000n\000t\000s}{}% 4
\BOOKMARK [0][-]{section*.8}{\376\377\000L\000i\000s\000t\000\040\000o\000f\000\040\000F\000i\000g\000u\000r\000e\000s}{}% 5
\BOOKMARK [0][-]{section*.9}{\376\377\000L\000i\000s\000t\000\040\000o\000f\000\040\000T\000a\000b\000l\000e\000s}{}% 6
\BOOKMARK [0][-]{section*.10}{\376\377\000N\000o\000m\000e\000n\000c\000l\000a\000t\000u\000r\000e}{}% 7
\BOOKMARK [0][-]{chapter.1}{\376\377\000I\000n\000t\000r\000o\000d\000u\000c\000t\000i\000o\000n}{}% 8
\BOOKMARK [1][-]{section.1.1}{\376\377\000B\000a\000c\000k\000g\000r\000o\000u\000n\000d}{chapter.1}% 9
\BOOKMARK [1][-]{section.1.2}{\376\377\000P\000r\000o\000b\000l\000e\000m\000\040\000S\000t\000a\000t\000e\000m\000e\000n\000t}{chapter.1}% 10
\BOOKMARK [1][-]{section.1.3}{\376\377\000O\000b\000j\000e\000c\000t\000i\000v\000e\000s}{chapter.1}% 11
\BOOKMARK [1][-]{section.1.4}{\376\377\000S\000c\000o\000p\000e\000\040\000a\000n\000d\000\040\000L\000i\000m\000i\000t\000a\000t\000i\000o\000n\000s}{chapter.1}% 12
\BOOKMARK [1][-]{section.1.5}{\376\377\000T\000h\000e\000s\000i\000s\000\040\000O\000u\000t\000l\000i\000n\000e}{chapter.1}% 13
\BOOKMARK [0][-]{chapter.2}{\376\377\000L\000i\000t\000e\000r\000a\000t\000u\000r\000e\000\040\000R\000e\000v\000i\000e\000w}{}% 14
\BOOKMARK [1][-]{section.2.1}{\376\377\000I\000n\000t\000r\000o\000d\000u\000c\000t\000i\000o\000n}{chapter.2}% 15
\BOOKMARK [1][-]{section.2.2}{\376\377\000E\000C\000G\000\040\000F\000u\000n\000d\000a\000m\000e\000n\000t\000a\000l\000s}{chapter.2}% 16
\BOOKMARK [2][-]{subsection.2.2.1}{\376\377\000E\000C\000G\000\040\000S\000i\000g\000n\000a\000l\000\040\000G\000e\000n\000e\000r\000a\000t\000i\000o\000n}{section.2.2}% 17
\BOOKMARK [2][-]{subsection.2.2.2}{\376\377\000E\000C\000G\000\040\000W\000a\000v\000e\000f\000o\000r\000m\000\040\000F\000o\000r\000m\000a\000t\000i\000o\000n}{section.2.2}% 18
\BOOKMARK [2][-]{subsection.2.2.3}{\376\377\000E\000C\000G\000\040\000l\000e\000a\000d\000s}{section.2.2}% 19
\BOOKMARK [1][-]{section.2.3}{\376\377\000F\000o\000r\000m\000a\000t\000s\000\040\000f\000o\000r\000\040\000D\000i\000g\000i\000t\000i\000s\000e\000d\000\040\000E\000C\000G\000s}{chapter.2}% 20
\BOOKMARK [2][-]{subsection.2.3.1}{\376\377\000S\000c\000a\000n\000n\000e\000d\000\040\000P\000D\000F\000\040\000F\000o\000r\000m\000a\000t}{section.2.3}% 21
\BOOKMARK [2][-]{subsection.2.3.2}{\376\377\000M\000a\000n\000u\000a\000l\000\040\000D\000i\000g\000i\000t\000i\000s\000a\000t\000i\000o\000n}{section.2.3}% 22
\BOOKMARK [2][-]{subsection.2.3.3}{\376\377\000M\000A\000T\000L\000A\000B\000/\000P\000y\000t\000h\000o\000n\000\040\000D\000i\000g\000i\000t\000i\000s\000a\000t\000i\000o\000n}{section.2.3}% 23
\BOOKMARK [1][-]{section.2.4}{\376\377\000S\000m\000a\000r\000t\000p\000h\000o\000n\000e\000-\000b\000a\000s\000e\000d\000\040\000E\000C\000G\000\040\000C\000a\000p\000t\000u\000r\000i\000n\000g}{chapter.2}% 24
\BOOKMARK [2][-]{subsection.2.4.1}{\376\377\000P\000e\000r\000f\000o\000r\000m\000a\000n\000c\000e\000\040\000-\000\040\000R\000e\000s\000o\000l\000u\000t\000i\000o\000n\000\040\000\050\000c\000a\000n\000\040\000i\000t\000\040\000h\000a\000n\000d\000l\000e\000\040\000i\000t\000\051}{section.2.4}% 25
\BOOKMARK [2][-]{subsection.2.4.2}{\376\377\000A\000c\000c\000e\000s\000s\000i\000b\000i\000l\000i\000t\000y\000\040\000a\000n\000d\000\040\000C\000o\000s\000t\000-\000E\000f\000f\000e\000c\000t\000i\000v\000e\000n\000e\000s\000s}{section.2.4}% 26
\BOOKMARK [1][-]{section.2.5}{\376\377\000D\000i\000g\000i\000t\000i\000s\000a\000t\000i\000n\000g\000\040\000E\000C\000G\000\040\000S\000i\000g\000n\000a\000l\000s}{chapter.2}% 27
\BOOKMARK [2][-]{subsection.2.5.1}{\376\377\000A\000r\000t\000i\000f\000a\000c\000t\000\040\000R\000e\000m\000o\000v\000a\000l}{section.2.5}% 28
\BOOKMARK [2][-]{subsection.2.5.2}{\376\377\000S\000e\000g\000m\000e\000n\000t\000a\000t\000i\000o\000n}{section.2.5}% 29
\BOOKMARK [2][-]{subsection.2.5.3}{\376\377\000B\000a\000c\000k\000g\000r\000o\000u\000n\000d\000\040\000R\000e\000m\000o\000v\000a\000l\000\040\000a\000n\000d\000\040\000S\000i\000g\000n\000a\000l\000\040\000E\000x\000t\000r\000a\000c\000t\000i\000o\000n}{section.2.5}% 30
\BOOKMARK [2][-]{subsection.2.5.4}{\376\377\000P\000o\000s\000t\000-\000p\000r\000o\000c\000e\000s\000s\000i\000n\000g}{section.2.5}% 31
\BOOKMARK [2][-]{subsection.2.5.5}{\376\377\000S\000i\000g\000n\000a\000l\000\040\000D\000i\000g\000i\000t\000i\000s\000a\000t\000i\000o\000n}{section.2.5}% 32
\BOOKMARK [1][-]{section.2.6}{\376\377\000C\000o\000n\000c\000l\000u\000s\000i\000o\000n}{chapter.2}% 33
\BOOKMARK [0][-]{chapter.3}{\376\377\000M\000e\000t\000h\000o\000d\000o\000l\000o\000g\000y}{}% 34
\BOOKMARK [1][-]{section.3.1}{\376\377\000O\000v\000e\000r\000v\000i\000e\000w\000\040\000o\000f\000\040\000A\000p\000p\000r\000o\000a\000c\000h}{chapter.3}% 35
\BOOKMARK [1][-]{section.3.2}{\376\377\000S\000y\000s\000t\000e\000m\000\040\000R\000e\000q\000u\000i\000r\000e\000m\000e\000n\000t\000s\000\040\000a\000n\000d\000\040\000S\000p\000e\000c\000i\000f\000i\000c\000a\000t\000i\000o\000n\000s}{chapter.3}% 36
\BOOKMARK [2][-]{subsection.3.2.1}{\376\377\000F\000u\000n\000c\000t\000i\000o\000n\000a\000l\000\040\000U\000s\000e\000r\000\040\000R\000e\000q\000u\000i\000r\000e\000m\000e\000n\000t\000s}{section.3.2}% 37
\BOOKMARK [2][-]{subsection.3.2.2}{\376\377\000N\000o\000n\000-\000F\000u\000n\000c\000t\000i\000o\000n\000a\000l\000\040\000U\000s\000e\000r\000\040\000R\000e\000q\000u\000i\000r\000e\000m\000e\000n\000t\000s}{section.3.2}% 38
\BOOKMARK [1][-]{section.3.3}{\376\377\000T\000o\000o\000l\000s\000\040\000a\000n\000d\000\040\000T\000e\000c\000h\000n\000o\000l\000o\000g\000y\000\040\000S\000t\000a\000c\000k}{chapter.3}% 39
\BOOKMARK [2][-]{subsection.3.3.1}{\376\377\000D\000e\000v\000e\000l\000o\000p\000m\000e\000n\000t\000\040\000T\000o\000o\000l\000s\000\040\000a\000n\000d\000\040\000S\000p\000e\000c\000i\000f\000i\000c\000a\000t\000i\000o\000n\000s}{section.3.3}% 40
\BOOKMARK [2][-]{subsection.3.3.2}{\376\377\000T\000e\000c\000h\000n\000o\000l\000o\000g\000y\000\040\000S\000t\000a\000c\000k}{section.3.3}% 41
\BOOKMARK [1][-]{section.3.4}{\376\377\000I\000m\000a\000g\000e\000\040\000P\000r\000o\000c\000e\000s\000s\000i\000n\000g\000\040\000M\000o\000d\000e\000l}{chapter.3}% 42
\BOOKMARK [1][-]{section.3.5}{\376\377\000D\000e\000s\000i\000g\000n\000\040\000a\000n\000d\000\040\000P\000r\000o\000t\000o\000t\000y\000p\000i\000n\000g}{chapter.3}% 43
\BOOKMARK [2][-]{subsection.3.5.1}{\376\377\000W\000i\000r\000e\000f\000r\000a\000m\000e\000s}{section.3.5}% 44
\BOOKMARK [2][-]{subsection.3.5.2}{\376\377\000I\000t\000e\000r\000a\000t\000i\000o\000n\000s}{section.3.5}% 45
\BOOKMARK [2][-]{subsection.3.5.3}{\376\377\000U\000s\000e\000r\000\040\000F\000l\000o\000w}{section.3.5}% 46
\BOOKMARK [1][-]{section.3.6}{\376\377\000V\000a\000l\000i\000d\000a\000t\000i\000o\000n\000,\000\040\000B\000e\000n\000c\000h\000m\000a\000r\000k\000i\000n\000g\000,\000\040\000a\000n\000d\000\040\000O\000p\000t\000i\000m\000i\000s\000a\000t\000i\000o\000n}{chapter.3}% 47
\BOOKMARK [1][-]{section.3.7}{\376\377\000E\000v\000a\000l\000u\000a\000t\000i\000o\000n}{chapter.3}% 48
\BOOKMARK [0][-]{chapter.4}{\376\377\000D\000e\000s\000i\000g\000n}{}% 49
\BOOKMARK [1][-]{section.4.1}{\376\377\000S\000y\000s\000t\000e\000m\000\040\000D\000e\000s\000i\000g\000n}{chapter.4}% 50
\BOOKMARK [1][-]{section.4.2}{\376\377\000H\000a\000r\000d\000w\000a\000r\000e\000\040\000D\000e\000s\000i\000g\000n}{chapter.4}% 51
\BOOKMARK [1][-]{section.4.3}{\376\377\000S\000o\000f\000t\000w\000a\000r\000e\000\040\000D\000e\000s\000i\000g\000n}{chapter.4}% 52
\BOOKMARK [1][-]{section.4.4}{\376\377\000I\000m\000p\000l\000e\000m\000e\000n\000t\000a\000t\000i\000o\000n}{chapter.4}% 53
\BOOKMARK [1][-]{section.4.5}{\376\377\000I\000n\000t\000e\000g\000r\000a\000t\000i\000o\000n\000\040\000o\000r\000\040\000T\000e\000s\000t\000\040\000R\000i\000g}{chapter.4}% 54
\BOOKMARK [0][-]{chapter.5}{\376\377\000R\000e\000s\000u\000l\000t\000s}{}% 55
\BOOKMARK [1][-]{section.5.1}{\376\377\000R\000e\000s\000u\000l\000t\000s}{chapter.5}% 56
\BOOKMARK [1][-]{section.5.2}{\376\377\000T\000i\000p\000s\000\040\000f\000o\000r\000\040\000R\000e\000s\000u\000l\000t\000s\000\040\000F\000i\000g\000u\000r\000e\000s}{chapter.5}% 57
\BOOKMARK [1][-]{section.5.3}{\376\377\000P\000i\000c\000t\000u\000r\000e\000s\000\040\000a\000n\000d\000\040\000s\000c\000r\000e\000e\000n\000s\000h\000o\000t\000s}{chapter.5}% 58
\BOOKMARK [0][-]{chapter.6}{\376\377\000C\000o\000n\000c\000l\000u\000s\000i\000o\000n\000s}{}% 59
\BOOKMARK [1][-]{section.6.1}{\376\377\000C\000o\000n\000c\000l\000u\000s\000i\000o\000n\000s}{chapter.6}% 60
\BOOKMARK [1][-]{section.6.2}{\376\377\000F\000u\000t\000u\000r\000e\000\040\000W\000o\000r\000k}{chapter.6}% 61
\BOOKMARK [0][-]{section*.40}{\376\377\000B\000i\000b\000l\000i\000o\000g\000r\000a\000p\000h\000y}{}% 62
\BOOKMARK [0][-]{appendix.A}{\376\377\000S\000u\000p\000p\000o\000r\000t\000i\000n\000g\000\040\000D\000a\000t\000a}{}% 63
\BOOKMARK [1][-]{section.A.1}{\376\377\000L\000y\000r\000i\000c\000s\000\040\000t\000o\000\040\000S\000o\000f\000t\000\040\000K\000i\000t\000t\000y}{appendix.A}% 64
\BOOKMARK [0][-]{appendix.B}{\376\377\000S\000a\000t\000i\000r\000i\000c\000a\000l\000\040\000S\000u\000p\000p\000o\000r\000t}{}% 65
